<?xml version="1.0" encoding="UTF-8"?>
<!-- Generated by org.testng.reporters.JUnitReportReporter -->
<testsuite hostname="Roshal" failures="0" tests="3" name="helperAttributes.Priority" time="0.033" errors="0" timestamp="2025-08-19T20:01:39 IST" skipped="0">
  <testcase classname="helperAttributes.Priority" name="amazon" time="0.027">
    <system-out>
      <![CDATA[Amazon executed]]>
    </system-out>
  </testcase> <!-- amazon -->
  <testcase classname="helperAttributes.Priority" name="bookMyShow" time="0.003">
    <system-out>
      <![CDATA[BMS executed]]>
    </system-out>
  </testcase> <!-- bookMyShow -->
  <testcase classname="helperAttributes.Priority" name="flipkart" time="0.003">
    <system-out>
      <![CDATA[flipkart executed]]>
    </system-out>
  </testcase> <!-- flipkart -->
  <system-out>
    <![CDATA[Amazon executed
BMS executed
flipkart executed]]>
  </system-out>
</testsuite> <!-- helperAttributes.Priority -->
