<?xml version="1.0" encoding="UTF-8"?>
<!-- Generated by org.testng.reporters.JUnitReportReporter -->
<testsuite hostname="Roshal" failures="0" tests="6" name="helperAttributes.ThreadPoolSize" time="33.222" errors="0" timestamp="2025-08-19T20:38:57 IST" skipped="0">
  <testcase classname="helperAttributes.ThreadPoolSize" name="login" time="5.386">
    <system-out>
      <![CDATA[executed]]>
    </system-out>
  </testcase> <!-- login -->
  <testcase classname="helperAttributes.ThreadPoolSize" name="login" time="6.509">
    <system-out>
      <![CDATA[executed]]>
    </system-out>
  </testcase> <!-- login -->
  <testcase classname="helperAttributes.ThreadPoolSize" name="login" time="5.239">
    <system-out>
      <![CDATA[executed]]>
    </system-out>
  </testcase> <!-- login -->
  <testcase classname="helperAttributes.ThreadPoolSize" name="login" time="5.412">
    <system-out>
      <![CDATA[executed]]>
    </system-out>
  </testcase> <!-- login -->
  <testcase classname="helperAttributes.ThreadPoolSize" name="login" time="5.338">
    <system-out>
      <![CDATA[executed]]>
    </system-out>
  </testcase> <!-- login -->
  <testcase classname="helperAttributes.ThreadPoolSize" name="login" time="5.338">
    <system-out>
      <![CDATA[executed]]>
    </system-out>
  </testcase> <!-- login -->
  <system-out>
    <![CDATA[executed
executed
executed
executed
executed
executed]]>
  </system-out>
</testsuite> <!-- helperAttributes.ThreadPoolSize -->
