<?xml version="1.0" encoding="UTF-8"?>
<!-- Generated by org.testng.reporters.JUnitReportReporter -->
<testsuite hostname="Roshal" failures="0" tests="1" name="listeners.Screenshot" time="2.910" errors="0" timestamp="2025-08-29T19:33:07 IST" skipped="0">
  <testcase classname="listeners.Screenshot" name="takeSS" time="2.910"/>
</testsuite> <!-- listeners.Screenshot -->
