<?xml version="1.0" encoding="UTF-8"?>
<!-- Generated by org.testng.reporters.JUnitReportReporter -->
<testsuite hostname="Roshal" failures="0" tests="1" name="baseclass.BaseClassExample" time="0.010" errors="0" timestamp="2025-08-21T19:52:57 IST" skipped="0">
  <testcase classname="baseclass.BaseClassExample" name="TC001" time="0.010">
    <system-out>
      <![CDATA[Testcases ]]>
    </system-out>
  </testcase> <!-- TC001 -->
  <system-out>
    <![CDATA[database open
pre condition
launching browser
login
Testcases 
logout
closing browser
post condition
databas eclose]]>
  </system-out>
</testsuite> <!-- baseclass.BaseClassExample -->
