<?xml version="1.0" encoding="UTF-8"?>
<!-- Generated by org.testng.reporters.JUnitReportReporter -->
<testsuite hostname="Roshal" failures="0" tests="3" name="helperAttributes.DependsOnMethod" time="0.011" errors="0" timestamp="2025-08-20T19:28:53 IST" skipped="0">
  <testcase classname="helperAttributes.DependsOnMethod" name="createAcc" time="0.009">
    <system-out>
      <![CDATA[created]]>
    </system-out>
  </testcase> <!-- createAcc -->
  <testcase classname="helperAttributes.DependsOnMethod" name="deleteAcc" time="0.001">
    <system-out>
      <![CDATA[deleted]]>
    </system-out>
  </testcase> <!-- deleteAcc -->
  <testcase classname="helperAttributes.DependsOnMethod" name="editAcc" time="0.001">
    <system-out>
      <![CDATA[edited]]>
    </system-out>
  </testcase> <!-- editAcc -->
  <system-out>
    <![CDATA[created
edited
deleted]]>
  </system-out>
</testsuite> <!-- helperAttributes.DependsOnMethod -->
