<?xml version="1.0" encoding="UTF-8"?>
<!-- Generated by org.testng.reporters.JUnitReportReporter -->
<testsuite hostname="Roshal" failures="0" tests="9" name="helperAttributes.DataProviderExcel" time="71.911" errors="0" timestamp="2025-08-20T20:17:44 IST" skipped="0">
  <testcase classname="helperAttributes.DataProviderExcel" name="login" time="7.395"/>
  <testcase classname="helperAttributes.DataProviderExcel" name="login" time="7.132"/>
  <testcase classname="helperAttributes.DataProviderExcel" name="login" time="7.365"/>
  <testcase classname="helperAttributes.DataProviderExcel" name="login" time="9.880"/>
  <testcase classname="helperAttributes.DataProviderExcel" name="login" time="7.510"/>
  <testcase classname="helperAttributes.DataProviderExcel" name="login" time="7.496"/>
  <testcase classname="helperAttributes.DataProviderExcel" name="login" time="7.697"/>
  <testcase classname="helperAttributes.DataProviderExcel" name="login" time="8.670"/>
  <testcase classname="helperAttributes.DataProviderExcel" name="login" time="8.766"/>
</testsuite> <!-- helperAttributes.DataProviderExcel -->
