<?xml version="1.0" encoding="UTF-8"?>
<!-- Generated by org.testng.reporters.JUnitReportReporter -->
<testsuite hostname="Roshal" failures="0" tests="3" name="helperAttributes.InvocationCount" time="17.318" errors="0" timestamp="2025-08-19T20:22:00 IST" skipped="0">
  <testcase classname="helperAttributes.InvocationCount" name="login" time="7.574">
    <system-out>
      <![CDATA[execution done]]>
    </system-out>
  </testcase> <!-- login -->
  <testcase classname="helperAttributes.InvocationCount" name="login" time="4.938">
    <system-out>
      <![CDATA[execution done]]>
    </system-out>
  </testcase> <!-- login -->
  <testcase classname="helperAttributes.InvocationCount" name="login" time="4.806">
    <system-out>
      <![CDATA[execution done]]>
    </system-out>
  </testcase> <!-- login -->
  <system-out>
    <![CDATA[execution done
execution done
execution done]]>
  </system-out>
</testsuite> <!-- helperAttributes.InvocationCount -->
