<?xml version="1.0" encoding="UTF-8"?>
<!-- Generated by org.testng.reporters.JUnitReportReporter -->
<testsuite hostname="Roshal" failures="0" tests="3" name="helperAttributes.Enabled" time="0.011" errors="0" timestamp="2025-08-20T19:12:09 IST" skipped="1">
  <testcase classname="helperAttributes.Enabled" name="a10" time="0.010">
    <system-out>
      <![CDATA[a10 executed]]>
    </system-out>
  </testcase> <!-- a10 -->
  <testcase classname="helperAttributes.Enabled" name="a11" time="0.001">
    <system-out>
      <![CDATA[a11 executed]]>
    </system-out>
  </testcase> <!-- a11 -->
  <testcase classname="helperAttributes.Enabled" name="a22">
    <skipped/>
  </testcase> <!-- a22 -->
  <system-out>
    <![CDATA[a10 executed
a11 executed]]>
  </system-out>
</testsuite> <!-- helperAttributes.Enabled -->
